\BOOKMARK [0][-]{chapter.1}{\376\377\000I\000n\000t\000r\000o\000d\000u\000c\000t\000i\000o\000n\000\040\000t\000o\000\040\000O\000p\000t\000i\000m\000i\000z\000a\000t\000i\000o\000n\000\040\000a\000n\000d\000\040\000E\000v\000o\000l\000u\000t\000i\000o\000n\000a\000r\000y\000\040\000C\000o\000m\000p\000u\000t\000a\000t\000i\000o\000n}{}% 1
\BOOKMARK [1][-]{section.1.1}{\376\377\000O\000v\000e\000r\000v\000i\000e\000w}{chapter.1}% 2
\BOOKMARK [1][-]{section.1.2}{\376\377\000W\000h\000a\000t\000\040\000i\000s\000\040\000O\000p\000t\000i\000m\000i\000z\000a\000t\000i\000o\000n\000?}{chapter.1}% 3
\BOOKMARK [1][-]{section.1.3}{\376\377\000T\000y\000p\000e\000s\000\040\000o\000f\000\040\000O\000p\000t\000i\000m\000i\000z\000a\000t\000i\000o\000n\000\040\000P\000r\000o\000b\000l\000e\000m\000s}{chapter.1}% 4
\BOOKMARK [2][-]{subsection.1.3.1}{\376\377\000B\000a\000s\000e\000d\000\040\000o\000n\000\040\000V\000a\000r\000i\000a\000b\000l\000e\000\040\000T\000y\000p\000e\000s}{section.1.3}% 5
\BOOKMARK [2][-]{subsection.1.3.2}{\376\377\000B\000a\000s\000e\000d\000\040\000o\000n\000\040\000P\000r\000o\000b\000l\000e\000m\000\040\000C\000h\000a\000r\000a\000c\000t\000e\000r\000i\000s\000t\000i\000c\000s}{section.1.3}% 6
\BOOKMARK [1][-]{section.1.4}{\376\377\000T\000r\000a\000d\000i\000t\000i\000o\000n\000a\000l\000\040\000O\000p\000t\000i\000m\000i\000z\000a\000t\000i\000o\000n\000\040\000M\000e\000t\000h\000o\000d\000s}{chapter.1}% 7
\BOOKMARK [2][-]{subsection.1.4.1}{\376\377\000L\000i\000m\000i\000t\000a\000t\000i\000o\000n\000s\000\040\000o\000f\000\040\000T\000r\000a\000d\000i\000t\000i\000o\000n\000a\000l\000\040\000M\000e\000t\000h\000o\000d\000s}{section.1.4}% 8
\BOOKMARK [1][-]{section.1.5}{\376\377\000I\000n\000t\000r\000o\000d\000u\000c\000t\000i\000o\000n\000\040\000t\000o\000\040\000E\000v\000o\000l\000u\000t\000i\000o\000n\000a\000r\000y\000\040\000C\000o\000m\000p\000u\000t\000a\000t\000i\000o\000n}{chapter.1}% 9
\BOOKMARK [2][-]{subsection.1.5.1}{\376\377\000A\000d\000v\000a\000n\000t\000a\000g\000e\000s\000\040\000o\000f\000\040\000E\000v\000o\000l\000u\000t\000i\000o\000n\000a\000r\000y\000\040\000A\000p\000p\000r\000o\000a\000c\000h\000e\000s}{section.1.5}% 10
\BOOKMARK [1][-]{section.1.6}{\376\377\000T\000y\000p\000e\000s\000\040\000o\000f\000\040\000E\000v\000o\000l\000u\000t\000i\000o\000n\000a\000r\000y\000\040\000A\000l\000g\000o\000r\000i\000t\000h\000m\000s}{chapter.1}% 11
\BOOKMARK [1][-]{section.1.7}{\376\377\000A\000p\000p\000l\000i\000c\000a\000t\000i\000o\000n\000s\000\040\000o\000f\000\040\000E\000v\000o\000l\000u\000t\000i\000o\000n\000a\000r\000y\000\040\000C\000o\000m\000p\000u\000t\000a\000t\000i\000o\000n}{chapter.1}% 12
\BOOKMARK [1][-]{section.1.8}{\376\377\000C\000h\000a\000p\000t\000e\000r\000\040\000S\000u\000m\000m\000a\000r\000y}{chapter.1}% 13
\BOOKMARK [1][-]{section.1.9}{\376\377\000K\000e\000y\000\040\000C\000o\000n\000c\000e\000p\000t\000s}{chapter.1}% 14
\BOOKMARK [1][-]{section.1.10}{\376\377\000F\000u\000r\000t\000h\000e\000r\000\040\000R\000e\000a\000d\000i\000n\000g}{chapter.1}% 15
\BOOKMARK [0][-]{chapter.2}{\376\377\000W\000h\000a\000t\000\040\000i\000s\000\040\000a\000\040\000G\000e\000n\000e\000t\000i\000c\000\040\000A\000l\000g\000o\000r\000i\000t\000h\000m\000?}{}% 16
\BOOKMARK [1][-]{section.2.1}{\376\377\000I\000n\000t\000r\000o\000d\000u\000c\000t\000i\000o\000n}{chapter.2}% 17
\BOOKMARK [1][-]{section.2.2}{\376\377\000B\000i\000o\000l\000o\000g\000i\000c\000a\000l\000\040\000I\000n\000s\000p\000i\000r\000a\000t\000i\000o\000n}{chapter.2}% 18
\BOOKMARK [1][-]{section.2.3}{\376\377\000B\000a\000s\000i\000c\000\040\000T\000e\000r\000m\000i\000n\000o\000l\000o\000g\000y}{chapter.2}% 19
\BOOKMARK [2][-]{subsection.2.3.1}{\376\377\000G\000e\000n\000e\000t\000i\000c\000\040\000A\000l\000g\000o\000r\000i\000t\000h\000m\000\040\000T\000e\000r\000m\000s}{section.2.3}% 20
\BOOKMARK [1][-]{section.2.4}{\376\377\000B\000a\000s\000i\000c\000\040\000S\000t\000r\000u\000c\000t\000u\000r\000e\000\040\000o\000f\000\040\000a\000\040\000G\000e\000n\000e\000t\000i\000c\000\040\000A\000l\000g\000o\000r\000i\000t\000h\000m}{chapter.2}% 21
\BOOKMARK [1][-]{section.2.5}{\376\377\000K\000e\000y\000\040\000C\000o\000m\000p\000o\000n\000e\000n\000t\000s\000\040\000o\000f\000\040\000G\000A}{chapter.2}% 22
\BOOKMARK [2][-]{subsection.2.5.1}{\376\377\000R\000e\000p\000r\000e\000s\000e\000n\000t\000a\000t\000i\000o\000n}{section.2.5}% 23
\BOOKMARK [2][-]{subsection.2.5.2}{\376\377\000F\000i\000t\000n\000e\000s\000s\000\040\000F\000u\000n\000c\000t\000i\000o\000n}{section.2.5}% 24
\BOOKMARK [2][-]{subsection.2.5.3}{\376\377\000S\000e\000l\000e\000c\000t\000i\000o\000n}{section.2.5}% 25
\BOOKMARK [2][-]{subsection.2.5.4}{\376\377\000C\000r\000o\000s\000s\000o\000v\000e\000r\000\040\000\050\000R\000e\000c\000o\000m\000b\000i\000n\000a\000t\000i\000o\000n\000\051}{section.2.5}% 26
\BOOKMARK [2][-]{subsection.2.5.5}{\376\377\000M\000u\000t\000a\000t\000i\000o\000n}{section.2.5}% 27
\BOOKMARK [1][-]{section.2.6}{\376\377\000E\000x\000a\000m\000p\000l\000e\000:\000\040\000M\000a\000x\000i\000m\000i\000z\000i\000n\000g\000\040\000a\000\040\000S\000i\000m\000p\000l\000e\000\040\000F\000u\000n\000c\000t\000i\000o\000n}{chapter.2}% 28
\BOOKMARK [2][-]{subsection.2.6.1}{\376\377\000S\000t\000e\000p\000\040\0001\000:\000\040\000R\000e\000p\000r\000e\000s\000e\000n\000t\000a\000t\000i\000o\000n}{section.2.6}% 29
\BOOKMARK [2][-]{subsection.2.6.2}{\376\377\000S\000t\000e\000p\000\040\0002\000:\000\040\000I\000n\000i\000t\000i\000a\000l\000\040\000P\000o\000p\000u\000l\000a\000t\000i\000o\000n}{section.2.6}% 30
\BOOKMARK [2][-]{subsection.2.6.3}{\376\377\000S\000t\000e\000p\000\040\0003\000:\000\040\000S\000e\000l\000e\000c\000t\000i\000o\000n}{section.2.6}% 31
\BOOKMARK [2][-]{subsection.2.6.4}{\376\377\000S\000t\000e\000p\000\040\0004\000:\000\040\000C\000r\000o\000s\000s\000o\000v\000e\000r}{section.2.6}% 32
\BOOKMARK [2][-]{subsection.2.6.5}{\376\377\000S\000t\000e\000p\000\040\0005\000:\000\040\000M\000u\000t\000a\000t\000i\000o\000n}{section.2.6}% 33
\BOOKMARK [1][-]{section.2.7}{\376\377\000A\000d\000v\000a\000n\000t\000a\000g\000e\000s\000\040\000o\000f\000\040\000G\000e\000n\000e\000t\000i\000c\000\040\000A\000l\000g\000o\000r\000i\000t\000h\000m\000s}{chapter.2}% 34
\BOOKMARK [1][-]{section.2.8}{\376\377\000D\000i\000s\000a\000d\000v\000a\000n\000t\000a\000g\000e\000s\000\040\000o\000f\000\040\000G\000e\000n\000e\000t\000i\000c\000\040\000A\000l\000g\000o\000r\000i\000t\000h\000m\000s}{chapter.2}% 35
\BOOKMARK [1][-]{section.2.9}{\376\377\000W\000h\000e\000n\000\040\000t\000o\000\040\000U\000s\000e\000\040\000G\000e\000n\000e\000t\000i\000c\000\040\000A\000l\000g\000o\000r\000i\000t\000h\000m\000s}{chapter.2}% 36
\BOOKMARK [1][-]{section.2.10}{\376\377\000V\000a\000r\000i\000a\000t\000i\000o\000n\000s\000\040\000o\000f\000\040\000G\000e\000n\000e\000t\000i\000c\000\040\000A\000l\000g\000o\000r\000i\000t\000h\000m\000s}{chapter.2}% 37
\BOOKMARK [1][-]{section.2.11}{\376\377\000C\000h\000a\000p\000t\000e\000r\000\040\000S\000u\000m\000m\000a\000r\000y}{chapter.2}% 38
\BOOKMARK [1][-]{section.2.12}{\376\377\000K\000e\000y\000\040\000C\000o\000n\000c\000e\000p\000t\000s}{chapter.2}% 39
\BOOKMARK [0][-]{chapter.3}{\376\377\000G\000A\000\040\000C\000y\000c\000l\000e\000\040\000a\000n\000d\000\040\000H\000o\000l\000l\000a\000n\000d\000\040\000S\000c\000h\000e\000m\000a\000\040\000T\000h\000e\000o\000r\000y}{}% 40
\BOOKMARK [1][-]{section.3.1}{\376\377\000T\000h\000e\000\040\000G\000e\000n\000e\000t\000i\000c\000\040\000A\000l\000g\000o\000r\000i\000t\000h\000m\000\040\000C\000y\000c\000l\000e}{chapter.3}% 41
\BOOKMARK [2][-]{subsection.3.1.1}{\376\377\000D\000e\000t\000a\000i\000l\000e\000d\000\040\000G\000A\000\040\000C\000y\000c\000l\000e}{section.3.1}% 42
\BOOKMARK [2][-]{subsection.3.1.2}{\376\377\000P\000h\000a\000s\000e\000\040\0001\000:\000\040\000I\000n\000i\000t\000i\000a\000l\000i\000z\000a\000t\000i\000o\000n}{section.3.1}% 43
\BOOKMARK [2][-]{subsection.3.1.3}{\376\377\000P\000h\000a\000s\000e\000\040\0002\000:\000\040\000E\000v\000a\000l\000u\000a\000t\000i\000o\000n}{section.3.1}% 44
\BOOKMARK [2][-]{subsection.3.1.4}{\376\377\000P\000h\000a\000s\000e\000\040\0003\000:\000\040\000T\000e\000r\000m\000i\000n\000a\000t\000i\000o\000n\000\040\000C\000h\000e\000c\000k}{section.3.1}% 45
\BOOKMARK [2][-]{subsection.3.1.5}{\376\377\000P\000h\000a\000s\000e\000\040\0004\000:\000\040\000S\000e\000l\000e\000c\000t\000i\000o\000n}{section.3.1}% 46
\BOOKMARK [2][-]{subsection.3.1.6}{\376\377\000P\000h\000a\000s\000e\000\040\0005\000:\000\040\000C\000r\000o\000s\000s\000o\000v\000e\000r}{section.3.1}% 47
\BOOKMARK [2][-]{subsection.3.1.7}{\376\377\000P\000h\000a\000s\000e\000\040\0006\000:\000\040\000M\000u\000t\000a\000t\000i\000o\000n}{section.3.1}% 48
\BOOKMARK [2][-]{subsection.3.1.8}{\376\377\000P\000h\000a\000s\000e\000\040\0007\000:\000\040\000R\000e\000p\000l\000a\000c\000e\000m\000e\000n\000t}{section.3.1}% 49
\BOOKMARK [1][-]{section.3.2}{\376\377\000H\000o\000l\000l\000a\000n\000d\000\040\000S\000c\000h\000e\000m\000a\000\040\000T\000h\000e\000o\000r\000y}{chapter.3}% 50
\BOOKMARK [2][-]{subsection.3.2.1}{\376\377\000W\000h\000a\000t\000\040\000i\000s\000\040\000a\000\040\000S\000c\000h\000e\000m\000a\000?}{section.3.2}% 51
\BOOKMARK [2][-]{subsection.3.2.2}{\376\377\000S\000c\000h\000e\000m\000a\000\040\000P\000r\000o\000p\000e\000r\000t\000i\000e\000s}{section.3.2}% 52
\BOOKMARK [2][-]{subsection.3.2.3}{\376\377\000S\000c\000h\000e\000m\000a\000\040\000T\000h\000e\000o\000r\000e\000m\000\040\000\050\000F\000u\000n\000d\000a\000m\000e\000n\000t\000a\000l\000\040\000T\000h\000e\000o\000r\000e\000m\000\051}{section.3.2}% 53
\BOOKMARK [2][-]{subsection.3.2.4}{\376\377\000B\000u\000i\000l\000d\000i\000n\000g\000\040\000B\000l\000o\000c\000k\000\040\000H\000y\000p\000o\000t\000h\000e\000s\000i\000s}{section.3.2}% 54
\BOOKMARK [1][-]{section.3.3}{\376\377\000I\000m\000p\000l\000i\000c\000i\000t\000\040\000P\000a\000r\000a\000l\000l\000e\000l\000i\000s\000m}{chapter.3}% 55
\BOOKMARK [1][-]{section.3.4}{\376\377\000D\000e\000c\000e\000p\000t\000i\000o\000n\000\040\000a\000n\000d\000\040\000S\000c\000h\000e\000m\000a\000\040\000T\000h\000e\000o\000r\000y}{chapter.3}% 56
\BOOKMARK [2][-]{subsection.3.4.1}{\376\377\000D\000e\000c\000e\000p\000t\000i\000v\000e\000\040\000P\000r\000o\000b\000l\000e\000m\000s}{section.3.4}% 57
\BOOKMARK [2][-]{subsection.3.4.2}{\376\377\000O\000v\000e\000r\000c\000o\000m\000i\000n\000g\000\040\000D\000e\000c\000e\000p\000t\000i\000o\000n}{section.3.4}% 58
\BOOKMARK [1][-]{section.3.5}{\376\377\000P\000r\000a\000c\000t\000i\000c\000a\000l\000\040\000I\000m\000p\000l\000i\000c\000a\000t\000i\000o\000n\000s}{chapter.3}% 59
\BOOKMARK [2][-]{subsection.3.5.1}{\376\377\000E\000n\000c\000o\000d\000i\000n\000g\000\040\000D\000e\000s\000i\000g\000n}{section.3.5}% 60
\BOOKMARK [2][-]{subsection.3.5.2}{\376\377\000P\000a\000r\000a\000m\000e\000t\000e\000r\000\040\000S\000e\000t\000t\000i\000n\000g\000s}{section.3.5}% 61
\BOOKMARK [1][-]{section.3.6}{\376\377\000L\000i\000m\000i\000t\000a\000t\000i\000o\000n\000s\000\040\000o\000f\000\040\000S\000c\000h\000e\000m\000a\000\040\000T\000h\000e\000o\000r\000y}{chapter.3}% 62
\BOOKMARK [1][-]{section.3.7}{\376\377\000M\000o\000d\000e\000r\000n\000\040\000E\000x\000t\000e\000n\000s\000i\000o\000n\000s}{chapter.3}% 63
\BOOKMARK [2][-]{subsection.3.7.1}{\376\377\000W\000a\000l\000s\000h\000\040\000A\000n\000a\000l\000y\000s\000i\000s}{section.3.7}% 64
\BOOKMARK [2][-]{subsection.3.7.2}{\376\377\000F\000i\000t\000n\000e\000s\000s\000\040\000L\000a\000n\000d\000s\000c\000a\000p\000e\000s}{section.3.7}% 65
\BOOKMARK [2][-]{subsection.3.7.3}{\376\377\000N\000o\000\040\000F\000r\000e\000e\000\040\000L\000u\000n\000c\000h\000\040\000T\000h\000e\000o\000r\000e\000m}{section.3.7}% 66
\BOOKMARK [1][-]{section.3.8}{\376\377\000C\000h\000a\000p\000t\000e\000r\000\040\000S\000u\000m\000m\000a\000r\000y}{chapter.3}% 67
\BOOKMARK [1][-]{section.3.9}{\376\377\000K\000e\000y\000\040\000C\000o\000n\000c\000e\000p\000t\000s}{chapter.3}% 68
\BOOKMARK [0][-]{chapter.4}{\376\377\000G\000e\000n\000e\000t\000i\000c\000\040\000A\000l\000g\000o\000r\000i\000t\000h\000m\000\040\000E\000n\000c\000o\000d\000i\000n\000g}{}% 69
\BOOKMARK [1][-]{section.4.1}{\376\377\000I\000n\000t\000r\000o\000d\000u\000c\000t\000i\000o\000n\000\040\000t\000o\000\040\000E\000n\000c\000o\000d\000i\000n\000g}{chapter.4}% 70
\BOOKMARK [1][-]{section.4.2}{\376\377\000R\000e\000q\000u\000i\000r\000e\000m\000e\000n\000t\000s\000\040\000f\000o\000r\000\040\000G\000o\000o\000d\000\040\000E\000n\000c\000o\000d\000i\000n\000g}{chapter.4}% 71
\BOOKMARK [2][-]{subsection.4.2.1}{\376\377\000C\000o\000m\000p\000l\000e\000t\000e\000n\000e\000s\000s}{section.4.2}% 72
\BOOKMARK [2][-]{subsection.4.2.2}{\376\377\000S\000o\000u\000n\000d\000n\000e\000s\000s}{section.4.2}% 73
\BOOKMARK [2][-]{subsection.4.2.3}{\376\377\000N\000o\000n\000-\000r\000e\000d\000u\000n\000d\000a\000n\000c\000y}{section.4.2}% 74
\BOOKMARK [2][-]{subsection.4.2.4}{\376\377\000L\000o\000c\000a\000l\000i\000t\000y}{section.4.2}% 75
\BOOKMARK [1][-]{section.4.3}{\376\377\000B\000i\000n\000a\000r\000y\000\040\000E\000n\000c\000o\000d\000i\000n\000g}{chapter.4}% 76
\BOOKMARK [2][-]{subsection.4.3.1}{\376\377\000B\000a\000s\000i\000c\000\040\000B\000i\000n\000a\000r\000y\000\040\000E\000n\000c\000o\000d\000i\000n\000g}{section.4.3}% 77
\BOOKMARK [2][-]{subsection.4.3.2}{\376\377\000D\000e\000c\000o\000d\000i\000n\000g\000\040\000B\000i\000n\000a\000r\000y\000\040\000S\000t\000r\000i\000n\000g\000s}{section.4.3}% 78
\BOOKMARK [2][-]{subsection.4.3.3}{\376\377\000M\000u\000l\000t\000i\000-\000v\000a\000r\000i\000a\000b\000l\000e\000\040\000B\000i\000n\000a\000r\000y\000\040\000E\000n\000c\000o\000d\000i\000n\000g}{section.4.3}% 79
\BOOKMARK [2][-]{subsection.4.3.4}{\376\377\000A\000d\000v\000a\000n\000t\000a\000g\000e\000s\000\040\000o\000f\000\040\000B\000i\000n\000a\000r\000y\000\040\000E\000n\000c\000o\000d\000i\000n\000g}{section.4.3}% 80
\BOOKMARK [2][-]{subsection.4.3.5}{\376\377\000D\000i\000s\000a\000d\000v\000a\000n\000t\000a\000g\000e\000s\000\040\000o\000f\000\040\000B\000i\000n\000a\000r\000y\000\040\000E\000n\000c\000o\000d\000i\000n\000g}{section.4.3}% 81
\BOOKMARK [1][-]{section.4.4}{\376\377\000G\000r\000a\000y\000\040\000C\000o\000d\000e\000\040\000E\000n\000c\000o\000d\000i\000n\000g}{chapter.4}% 82
\BOOKMARK [2][-]{subsection.4.4.1}{\376\377\000B\000i\000n\000a\000r\000y\000\040\000t\000o\000\040\000G\000r\000a\000y\000\040\000C\000o\000d\000e\000\040\000C\000o\000n\000v\000e\000r\000s\000i\000o\000n}{section.4.4}% 83
\BOOKMARK [2][-]{subsection.4.4.2}{\376\377\000G\000r\000a\000y\000\040\000C\000o\000d\000e\000\040\000t\000o\000\040\000B\000i\000n\000a\000r\000y\000\040\000C\000o\000n\000v\000e\000r\000s\000i\000o\000n}{section.4.4}% 84
\BOOKMARK [2][-]{subsection.4.4.3}{\376\377\000E\000x\000a\000m\000p\000l\000e\000:\000\040\0004\000-\000b\000i\000t\000\040\000G\000r\000a\000y\000\040\000C\000o\000d\000e}{section.4.4}% 85
\BOOKMARK [1][-]{section.4.5}{\376\377\000R\000e\000a\000l\000-\000v\000a\000l\000u\000e\000d\000\040\000E\000n\000c\000o\000d\000i\000n\000g}{chapter.4}% 86
\BOOKMARK [2][-]{subsection.4.5.1}{\376\377\000R\000e\000p\000r\000e\000s\000e\000n\000t\000a\000t\000i\000o\000n}{section.4.5}% 87
\BOOKMARK [2][-]{subsection.4.5.2}{\376\377\000A\000d\000v\000a\000n\000t\000a\000g\000e\000s}{section.4.5}% 88
\BOOKMARK [2][-]{subsection.4.5.3}{\376\377\000D\000i\000s\000a\000d\000v\000a\000n\000t\000a\000g\000e\000s}{section.4.5}% 89
\BOOKMARK [2][-]{subsection.4.5.4}{\376\377\000R\000e\000a\000l\000-\000v\000a\000l\000u\000e\000d\000\040\000C\000r\000o\000s\000s\000o\000v\000e\000r\000\040\000O\000p\000e\000r\000a\000t\000o\000r\000s}{section.4.5}% 90
\BOOKMARK [2][-]{subsection.4.5.5}{\376\377\000R\000e\000a\000l\000-\000v\000a\000l\000u\000e\000d\000\040\000M\000u\000t\000a\000t\000i\000o\000n\000\040\000O\000p\000e\000r\000a\000t\000o\000r\000s}{section.4.5}% 91
\BOOKMARK [1][-]{section.4.6}{\376\377\000I\000n\000t\000e\000g\000e\000r\000\040\000E\000n\000c\000o\000d\000i\000n\000g}{chapter.4}% 92
\BOOKMARK [2][-]{subsection.4.6.1}{\376\377\000R\000e\000p\000r\000e\000s\000e\000n\000t\000a\000t\000i\000o\000n}{section.4.6}% 93
\BOOKMARK [2][-]{subsection.4.6.2}{\376\377\000I\000n\000t\000e\000g\000e\000r\000\040\000C\000r\000o\000s\000s\000o\000v\000e\000r}{section.4.6}% 94
\BOOKMARK [2][-]{subsection.4.6.3}{\376\377\000I\000n\000t\000e\000g\000e\000r\000\040\000M\000u\000t\000a\000t\000i\000o\000n}{section.4.6}% 95
\BOOKMARK [1][-]{section.4.7}{\376\377\000P\000e\000r\000m\000u\000t\000a\000t\000i\000o\000n\000\040\000E\000n\000c\000o\000d\000i\000n\000g}{chapter.4}% 96
\BOOKMARK [2][-]{subsection.4.7.1}{\376\377\000R\000e\000p\000r\000e\000s\000e\000n\000t\000a\000t\000i\000o\000n}{section.4.7}% 97
\BOOKMARK [2][-]{subsection.4.7.2}{\376\377\000P\000e\000r\000m\000u\000t\000a\000t\000i\000o\000n\000\040\000C\000r\000o\000s\000s\000o\000v\000e\000r\000\040\000O\000p\000e\000r\000a\000t\000o\000r\000s}{section.4.7}% 98
\BOOKMARK [2][-]{subsection.4.7.3}{\376\377\000P\000e\000r\000m\000u\000t\000a\000t\000i\000o\000n\000\040\000M\000u\000t\000a\000t\000i\000o\000n\000\040\000O\000p\000e\000r\000a\000t\000o\000r\000s}{section.4.7}% 99
\BOOKMARK [1][-]{section.4.8}{\376\377\000T\000r\000e\000e\000\040\000E\000n\000c\000o\000d\000i\000n\000g}{chapter.4}% 100
\BOOKMARK [2][-]{subsection.4.8.1}{\376\377\000A\000p\000p\000l\000i\000c\000a\000t\000i\000o\000n\000s}{section.4.8}% 101
\BOOKMARK [2][-]{subsection.4.8.2}{\376\377\000R\000e\000p\000r\000e\000s\000e\000n\000t\000a\000t\000i\000o\000n}{section.4.8}% 102
\BOOKMARK [2][-]{subsection.4.8.3}{\376\377\000T\000r\000e\000e\000\040\000C\000r\000o\000s\000s\000o\000v\000e\000r}{section.4.8}% 103
\BOOKMARK [2][-]{subsection.4.8.4}{\376\377\000T\000r\000e\000e\000\040\000M\000u\000t\000a\000t\000i\000o\000n}{section.4.8}% 104
\BOOKMARK [1][-]{section.4.9}{\376\377\000P\000r\000o\000b\000l\000e\000m\000-\000s\000p\000e\000c\000i\000f\000i\000c\000\040\000E\000n\000c\000o\000d\000i\000n\000g\000s}{chapter.4}% 105
\BOOKMARK [2][-]{subsection.4.9.1}{\376\377\000G\000r\000a\000p\000h\000\040\000C\000o\000l\000o\000r\000i\000n\000g}{section.4.9}% 106
\BOOKMARK [2][-]{subsection.4.9.2}{\376\377\000J\000o\000b\000\040\000S\000c\000h\000e\000d\000u\000l\000i\000n\000g}{section.4.9}% 107
\BOOKMARK [2][-]{subsection.4.9.3}{\376\377\000N\000e\000u\000r\000a\000l\000\040\000N\000e\000t\000w\000o\000r\000k\000\040\000W\000e\000i\000g\000h\000t\000s}{section.4.9}% 108
\BOOKMARK [1][-]{section.4.10}{\376\377\000C\000h\000o\000o\000s\000i\000n\000g\000\040\000t\000h\000e\000\040\000R\000i\000g\000h\000t\000\040\000E\000n\000c\000o\000d\000i\000n\000g}{chapter.4}% 109
\BOOKMARK [2][-]{subsection.4.10.1}{\376\377\000F\000a\000c\000t\000o\000r\000s\000\040\000t\000o\000\040\000C\000o\000n\000s\000i\000d\000e\000r}{section.4.10}% 110
\BOOKMARK [2][-]{subsection.4.10.2}{\376\377\000G\000u\000i\000d\000e\000l\000i\000n\000e\000s}{section.4.10}% 111
\BOOKMARK [1][-]{section.4.11}{\376\377\000C\000h\000a\000p\000t\000e\000r\000\040\000S\000u\000m\000m\000a\000r\000y}{chapter.4}% 112
\BOOKMARK [1][-]{section.4.12}{\376\377\000K\000e\000y\000\040\000C\000o\000n\000c\000e\000p\000t\000s}{chapter.4}% 113
\BOOKMARK [0][-]{chapter.5}{\376\377\000S\000e\000l\000e\000c\000t\000i\000o\000n\000\040\000M\000e\000t\000h\000o\000d\000s\000\040\000i\000n\000\040\000G\000e\000n\000e\000t\000i\000c\000\040\000A\000l\000g\000o\000r\000i\000t\000h\000m\000s}{}% 114
\BOOKMARK [1][-]{section.5.1}{\376\377\000I\000n\000t\000r\000o\000d\000u\000c\000t\000i\000o\000n\000\040\000t\000o\000\040\000S\000e\000l\000e\000c\000t\000i\000o\000n}{chapter.5}% 115
\BOOKMARK [1][-]{section.5.2}{\376\377\000S\000e\000l\000e\000c\000t\000i\000o\000n\000\040\000P\000r\000e\000s\000s\000u\000r\000e}{chapter.5}% 116
\BOOKMARK [1][-]{section.5.3}{\376\377\000P\000r\000o\000p\000o\000r\000t\000i\000o\000n\000a\000l\000\040\000S\000e\000l\000e\000c\000t\000i\000o\000n\000\040\000M\000e\000t\000h\000o\000d\000s}{chapter.5}% 117
\BOOKMARK [2][-]{subsection.5.3.1}{\376\377\000R\000o\000u\000l\000e\000t\000t\000e\000\040\000W\000h\000e\000e\000l\000\040\000S\000e\000l\000e\000c\000t\000i\000o\000n}{section.5.3}% 118
\BOOKMARK [2][-]{subsection.5.3.2}{\376\377\000S\000t\000o\000c\000h\000a\000s\000t\000i\000c\000\040\000U\000n\000i\000v\000e\000r\000s\000a\000l\000\040\000S\000a\000m\000p\000l\000i\000n\000g\000\040\000\050\000S\000U\000S\000\051}{section.5.3}% 119
\BOOKMARK [1][-]{section.5.4}{\376\377\000R\000a\000n\000k\000-\000b\000a\000s\000e\000d\000\040\000S\000e\000l\000e\000c\000t\000i\000o\000n}{chapter.5}% 120
\BOOKMARK [2][-]{subsection.5.4.1}{\376\377\000L\000i\000n\000e\000a\000r\000\040\000R\000a\000n\000k\000i\000n\000g}{section.5.4}% 121
\BOOKMARK [2][-]{subsection.5.4.2}{\376\377\000E\000x\000p\000o\000n\000e\000n\000t\000i\000a\000l\000\040\000R\000a\000n\000k\000i\000n\000g}{section.5.4}% 122
\BOOKMARK [2][-]{subsection.5.4.3}{\376\377\000A\000d\000v\000a\000n\000t\000a\000g\000e\000s\000\040\000o\000f\000\040\000R\000a\000n\000k\000\040\000S\000e\000l\000e\000c\000t\000i\000o\000n}{section.5.4}% 123
\BOOKMARK [2][-]{subsection.5.4.4}{\376\377\000D\000i\000s\000a\000d\000v\000a\000n\000t\000a\000g\000e\000s}{section.5.4}% 124
\BOOKMARK [1][-]{section.5.5}{\376\377\000T\000o\000u\000r\000n\000a\000m\000e\000n\000t\000\040\000S\000e\000l\000e\000c\000t\000i\000o\000n}{chapter.5}% 125
\BOOKMARK [2][-]{subsection.5.5.1}{\376\377\000B\000i\000n\000a\000r\000y\000\040\000T\000o\000u\000r\000n\000a\000m\000e\000n\000t}{section.5.5}% 126
\BOOKMARK [2][-]{subsection.5.5.2}{\376\377\000k\000-\000T\000o\000u\000r\000n\000a\000m\000e\000n\000t\000\040\000S\000e\000l\000e\000c\000t\000i\000o\000n}{section.5.5}% 127
\BOOKMARK [2][-]{subsection.5.5.3}{\376\377\000T\000o\000u\000r\000n\000a\000m\000e\000n\000t\000\040\000S\000i\000z\000e\000\040\000E\000f\000f\000e\000c\000t\000s}{section.5.5}% 128
\BOOKMARK [2][-]{subsection.5.5.4}{\376\377\000S\000e\000l\000e\000c\000t\000i\000o\000n\000\040\000P\000r\000o\000b\000a\000b\000i\000l\000i\000t\000y}{section.5.5}% 129
\BOOKMARK [2][-]{subsection.5.5.5}{\376\377\000A\000d\000v\000a\000n\000t\000a\000g\000e\000s}{section.5.5}% 130
\BOOKMARK [2][-]{subsection.5.5.6}{\376\377\000D\000i\000s\000a\000d\000v\000a\000n\000t\000a\000g\000e\000s}{section.5.5}% 131
\BOOKMARK [1][-]{section.5.6}{\376\377\000T\000r\000u\000n\000c\000a\000t\000i\000o\000n\000\040\000S\000e\000l\000e\000c\000t\000i\000o\000n}{chapter.5}% 132
\BOOKMARK [2][-]{subsection.5.6.1}{\376\377\000A\000l\000g\000o\000r\000i\000t\000h\000m}{section.5.6}% 133
\BOOKMARK [2][-]{subsection.5.6.2}{\376\377\000S\000e\000l\000e\000c\000t\000i\000o\000n\000\040\000R\000a\000t\000i\000o}{section.5.6}% 134
\BOOKMARK [2][-]{subsection.5.6.3}{\376\377\000A\000d\000v\000a\000n\000t\000a\000g\000e\000s}{section.5.6}% 135
\BOOKMARK [2][-]{subsection.5.6.4}{\376\377\000D\000i\000s\000a\000d\000v\000a\000n\000t\000a\000g\000e\000s}{section.5.6}% 136
\BOOKMARK [1][-]{section.5.7}{\376\377\000B\000o\000l\000t\000z\000m\000a\000n\000n\000\040\000S\000e\000l\000e\000c\000t\000i\000o\000n}{chapter.5}% 137
\BOOKMARK [2][-]{subsection.5.7.1}{\376\377\000F\000o\000r\000m\000u\000l\000a}{section.5.7}% 138
\BOOKMARK [2][-]{subsection.5.7.2}{\376\377\000T\000e\000m\000p\000e\000r\000a\000t\000u\000r\000e\000\040\000S\000c\000h\000e\000d\000u\000l\000e}{section.5.7}% 139
\BOOKMARK [2][-]{subsection.5.7.3}{\376\377\000A\000d\000v\000a\000n\000t\000a\000g\000e\000s}{section.5.7}% 140
\BOOKMARK [2][-]{subsection.5.7.4}{\376\377\000D\000i\000s\000a\000d\000v\000a\000n\000t\000a\000g\000e\000s}{section.5.7}% 141
\BOOKMARK [1][-]{section.5.8}{\376\377\000E\000l\000i\000t\000i\000s\000t\000\040\000S\000e\000l\000e\000c\000t\000i\000o\000n}{chapter.5}% 142
\BOOKMARK [2][-]{subsection.5.8.1}{\376\377\000P\000u\000r\000e\000\040\000E\000l\000i\000t\000i\000s\000m}{section.5.8}% 143
\BOOKMARK [2][-]{subsection.5.8.2}{\376\377\000E\000l\000i\000t\000i\000s\000t\000\040\000R\000e\000p\000l\000a\000c\000e\000m\000e\000n\000t}{section.5.8}% 144
\BOOKMARK [2][-]{subsection.5.8.3}{\376\377\000B\000e\000n\000e\000f\000i\000t\000s}{section.5.8}% 145
\BOOKMARK [2][-]{subsection.5.8.4}{\376\377\000D\000r\000a\000w\000b\000a\000c\000k\000s}{section.5.8}% 146
\BOOKMARK [1][-]{section.5.9}{\376\377\000D\000i\000v\000e\000r\000s\000i\000t\000y\000-\000P\000r\000e\000s\000e\000r\000v\000i\000n\000g\000\040\000S\000e\000l\000e\000c\000t\000i\000o\000n}{chapter.5}% 147
\BOOKMARK [2][-]{subsection.5.9.1}{\376\377\000F\000i\000t\000n\000e\000s\000s\000\040\000S\000h\000a\000r\000i\000n\000g}{section.5.9}% 148
\BOOKMARK [2][-]{subsection.5.9.2}{\376\377\000C\000r\000o\000w\000d\000i\000n\000g}{section.5.9}% 149
\BOOKMARK [2][-]{subsection.5.9.3}{\376\377\000S\000p\000e\000c\000i\000a\000t\000i\000o\000n}{section.5.9}% 150
\BOOKMARK [1][-]{section.5.10}{\376\377\000M\000u\000l\000t\000i\000-\000o\000b\000j\000e\000c\000t\000i\000v\000e\000\040\000S\000e\000l\000e\000c\000t\000i\000o\000n}{chapter.5}% 151
\BOOKMARK [2][-]{subsection.5.10.1}{\376\377\000P\000a\000r\000e\000t\000o\000\040\000D\000o\000m\000i\000n\000a\000n\000c\000e}{section.5.10}% 152
\BOOKMARK [2][-]{subsection.5.10.2}{\376\377\000N\000o\000n\000-\000d\000o\000m\000i\000n\000a\000t\000e\000d\000\040\000S\000o\000r\000t\000i\000n\000g}{section.5.10}% 153
\BOOKMARK [2][-]{subsection.5.10.3}{\376\377\000N\000S\000G\000A\000-\000I\000I\000\040\000S\000e\000l\000e\000c\000t\000i\000o\000n}{section.5.10}% 154
\BOOKMARK [1][-]{section.5.11}{\376\377\000S\000e\000l\000e\000c\000t\000i\000o\000n\000\040\000C\000o\000m\000p\000a\000r\000i\000s\000o\000n}{chapter.5}% 155
\BOOKMARK [1][-]{section.5.12}{\376\377\000S\000e\000l\000e\000c\000t\000i\000o\000n\000\040\000G\000u\000i\000d\000e\000l\000i\000n\000e\000s}{chapter.5}% 156
\BOOKMARK [2][-]{subsection.5.12.1}{\376\377\000P\000r\000o\000b\000l\000e\000m\000\040\000C\000h\000a\000r\000a\000c\000t\000e\000r\000i\000s\000t\000i\000c\000s}{section.5.12}% 157
\BOOKMARK [2][-]{subsection.5.12.2}{\376\377\000P\000o\000p\000u\000l\000a\000t\000i\000o\000n\000\040\000S\000i\000z\000e}{section.5.12}% 158
\BOOKMARK [2][-]{subsection.5.12.3}{\376\377\000G\000e\000n\000e\000r\000a\000t\000i\000o\000n\000\040\000N\000u\000m\000b\000e\000r}{section.5.12}% 159
\BOOKMARK [1][-]{section.5.13}{\376\377\000H\000y\000b\000r\000i\000d\000\040\000S\000e\000l\000e\000c\000t\000i\000o\000n\000\040\000S\000t\000r\000a\000t\000e\000g\000i\000e\000s}{chapter.5}% 160
\BOOKMARK [2][-]{subsection.5.13.1}{\376\377\000A\000d\000a\000p\000t\000i\000v\000e\000\040\000S\000e\000l\000e\000c\000t\000i\000o\000n}{section.5.13}% 161
\BOOKMARK [2][-]{subsection.5.13.2}{\376\377\000M\000u\000l\000t\000i\000-\000l\000e\000v\000e\000l\000\040\000S\000e\000l\000e\000c\000t\000i\000o\000n}{section.5.13}% 162
\BOOKMARK [2][-]{subsection.5.13.3}{\376\377\000C\000o\000m\000b\000i\000n\000e\000d\000\040\000M\000e\000t\000h\000o\000d\000s}{section.5.13}% 163
\BOOKMARK [1][-]{section.5.14}{\376\377\000C\000h\000a\000p\000t\000e\000r\000\040\000S\000u\000m\000m\000a\000r\000y}{chapter.5}% 164
\BOOKMARK [1][-]{section.5.15}{\376\377\000K\000e\000y\000\040\000C\000o\000n\000c\000e\000p\000t\000s}{chapter.5}% 165
\BOOKMARK [0][-]{chapter.6}{\376\377\000C\000r\000o\000s\000s\000o\000v\000e\000r\000\040\000\050\000R\000e\000c\000o\000m\000b\000i\000n\000a\000t\000i\000o\000n\000\051\000\040\000i\000n\000\040\000G\000e\000n\000e\000t\000i\000c\000\040\000A\000l\000g\000o\000r\000i\000t\000h\000m\000s}{}% 166
\BOOKMARK [1][-]{section.6.1}{\376\377\000I\000n\000t\000r\000o\000d\000u\000c\000t\000i\000o\000n\000\040\000t\000o\000\040\000C\000r\000o\000s\000s\000o\000v\000e\000r}{chapter.6}% 167
\BOOKMARK [1][-]{section.6.2}{\376\377\000B\000i\000o\000l\000o\000g\000i\000c\000a\000l\000\040\000I\000n\000s\000p\000i\000r\000a\000t\000i\000o\000n}{chapter.6}% 168
\BOOKMARK [1][-]{section.6.3}{\376\377\000C\000r\000o\000s\000s\000o\000v\000e\000r\000\040\000P\000r\000i\000n\000c\000i\000p\000l\000e\000s}{chapter.6}% 169
\BOOKMARK [2][-]{subsection.6.3.1}{\376\377\000E\000x\000p\000l\000o\000r\000a\000t\000i\000o\000n\000\040\000v\000s\000.\000\040\000E\000x\000p\000l\000o\000i\000t\000a\000t\000i\000o\000n}{section.6.3}% 170
\BOOKMARK [2][-]{subsection.6.3.2}{\376\377\000C\000r\000o\000s\000s\000o\000v\000e\000r\000\040\000P\000r\000o\000b\000a\000b\000i\000l\000i\000t\000y}{section.6.3}% 171
\BOOKMARK [1][-]{section.6.4}{\376\377\000B\000i\000n\000a\000r\000y\000\040\000C\000r\000o\000s\000s\000o\000v\000e\000r\000\040\000O\000p\000e\000r\000a\000t\000o\000r\000s}{chapter.6}% 172
\BOOKMARK [2][-]{subsection.6.4.1}{\376\377\000O\000n\000e\000-\000P\000o\000i\000n\000t\000\040\000C\000r\000o\000s\000s\000o\000v\000e\000r}{section.6.4}% 173
\BOOKMARK [2][-]{subsection.6.4.2}{\376\377\000T\000w\000o\000-\000P\000o\000i\000n\000t\000\040\000C\000r\000o\000s\000s\000o\000v\000e\000r}{section.6.4}% 174
\BOOKMARK [2][-]{subsection.6.4.3}{\376\377\000U\000n\000i\000f\000o\000r\000m\000\040\000C\000r\000o\000s\000s\000o\000v\000e\000r}{section.6.4}% 175
\BOOKMARK [2][-]{subsection.6.4.4}{\376\377\000M\000u\000l\000t\000i\000-\000P\000o\000i\000n\000t\000\040\000C\000r\000o\000s\000s\000o\000v\000e\000r}{section.6.4}% 176
\BOOKMARK [1][-]{section.6.5}{\376\377\000R\000e\000a\000l\000-\000V\000a\000l\000u\000e\000d\000\040\000C\000r\000o\000s\000s\000o\000v\000e\000r\000\040\000O\000p\000e\000r\000a\000t\000o\000r\000s}{chapter.6}% 177
\BOOKMARK [2][-]{subsection.6.5.1}{\376\377\000A\000r\000i\000t\000h\000m\000e\000t\000i\000c\000\040\000C\000r\000o\000s\000s\000o\000v\000e\000r}{section.6.5}% 178
\BOOKMARK [2][-]{subsection.6.5.2}{\376\377\000B\000L\000X\000-\000\040\000C\000r\000o\000s\000s\000o\000v\000e\000r\000\040\000\050\000B\000l\000e\000n\000d\000\040\000C\000r\000o\000s\000s\000o\000v\000e\000r\000\051}{section.6.5}% 179
\BOOKMARK [2][-]{subsection.6.5.3}{\376\377\000S\000B\000X\000\040\000\050\000S\000i\000m\000u\000l\000a\000t\000e\000d\000\040\000B\000i\000n\000a\000r\000y\000\040\000C\000r\000o\000s\000s\000o\000v\000e\000r\000\051}{section.6.5}% 180
\BOOKMARK [1][-]{section.6.6}{\376\377\000P\000e\000r\000m\000u\000t\000a\000t\000i\000o\000n\000\040\000C\000r\000o\000s\000s\000o\000v\000e\000r\000\040\000O\000p\000e\000r\000a\000t\000o\000r\000s}{chapter.6}% 181
\BOOKMARK [2][-]{subsection.6.6.1}{\376\377\000O\000r\000d\000e\000r\000\040\000C\000r\000o\000s\000s\000o\000v\000e\000r\000\040\000\050\000O\000X\000\051}{section.6.6}% 182
\BOOKMARK [2][-]{subsection.6.6.2}{\376\377\000P\000a\000r\000t\000i\000a\000l\000l\000y\000\040\000M\000a\000p\000p\000e\000d\000\040\000C\000r\000o\000s\000s\000o\000v\000e\000r\000\040\000\050\000P\000M\000X\000\051}{section.6.6}% 183
\BOOKMARK [2][-]{subsection.6.6.3}{\376\377\000C\000y\000c\000l\000e\000\040\000C\000r\000o\000s\000s\000o\000v\000e\000r\000\040\000\050\000C\000X\000\051}{section.6.6}% 184
\BOOKMARK [2][-]{subsection.6.6.4}{\376\377\000E\000d\000g\000e\000\040\000R\000e\000c\000o\000m\000b\000i\000n\000a\000t\000i\000o\000n\000\040\000C\000r\000o\000s\000s\000o\000v\000e\000r}{section.6.6}% 185
\BOOKMARK [1][-]{section.6.7}{\376\377\000C\000r\000o\000s\000s\000o\000v\000e\000r\000\040\000A\000n\000a\000l\000y\000s\000i\000s}{chapter.6}% 186
\BOOKMARK [2][-]{subsection.6.7.1}{\376\377\000S\000c\000h\000e\000m\000a\000\040\000D\000i\000s\000r\000u\000p\000t\000i\000o\000n}{section.6.7}% 187
\BOOKMARK [2][-]{subsection.6.7.2}{\376\377\000B\000u\000i\000l\000d\000i\000n\000g\000\040\000B\000l\000o\000c\000k\000\040\000P\000r\000e\000s\000e\000r\000v\000a\000t\000i\000o\000n}{section.6.7}% 188
\BOOKMARK [1][-]{section.6.8}{\376\377\000A\000d\000v\000a\000n\000c\000e\000d\000\040\000C\000r\000o\000s\000s\000o\000v\000e\000r\000\040\000T\000e\000c\000h\000n\000i\000q\000u\000e\000s}{chapter.6}% 189
\BOOKMARK [2][-]{subsection.6.8.1}{\376\377\000A\000d\000a\000p\000t\000i\000v\000e\000\040\000C\000r\000o\000s\000s\000o\000v\000e\000r}{section.6.8}% 190
\BOOKMARK [2][-]{subsection.6.8.2}{\376\377\000M\000u\000l\000t\000i\000p\000l\000e\000\040\000P\000a\000r\000e\000n\000t\000\040\000C\000r\000o\000s\000s\000o\000v\000e\000r}{section.6.8}% 191
\BOOKMARK [2][-]{subsection.6.8.3}{\376\377\000P\000r\000o\000b\000l\000e\000m\000-\000S\000p\000e\000c\000i\000f\000i\000c\000\040\000C\000r\000o\000s\000s\000o\000v\000e\000r}{section.6.8}% 192
\BOOKMARK [1][-]{section.6.9}{\376\377\000C\000r\000o\000s\000s\000o\000v\000e\000r\000\040\000G\000u\000i\000d\000e\000l\000i\000n\000e\000s}{chapter.6}% 193
\BOOKMARK [2][-]{subsection.6.9.1}{\376\377\000C\000h\000o\000o\000s\000i\000n\000g\000\040\000C\000r\000o\000s\000s\000o\000v\000e\000r\000\040\000T\000y\000p\000e}{section.6.9}% 194
\BOOKMARK [2][-]{subsection.6.9.2}{\376\377\000P\000a\000r\000a\000m\000e\000t\000e\000r\000\040\000S\000e\000t\000t\000i\000n\000g}{section.6.9}% 195
\BOOKMARK [2][-]{subsection.6.9.3}{\376\377\000E\000m\000p\000i\000r\000i\000c\000a\000l\000\040\000T\000e\000s\000t\000i\000n\000g}{section.6.9}% 196
\BOOKMARK [1][-]{section.6.10}{\376\377\000C\000r\000o\000s\000s\000o\000v\000e\000r\000\040\000v\000s\000.\000\040\000M\000u\000t\000a\000t\000i\000o\000n}{chapter.6}% 197
\BOOKMARK [1][-]{section.6.11}{\376\377\000C\000h\000a\000p\000t\000e\000r\000\040\000S\000u\000m\000m\000a\000r\000y}{chapter.6}% 198
\BOOKMARK [1][-]{section.6.12}{\376\377\000K\000e\000y\000\040\000C\000o\000n\000c\000e\000p\000t\000s}{chapter.6}% 199
\BOOKMARK [0][-]{chapter.7}{\376\377\000R\000e\000a\000l\000-\000W\000o\000r\000l\000d\000\040\000A\000p\000p\000l\000i\000c\000a\000t\000i\000o\000n\000s\000\040\000a\000n\000d\000\040\000V\000i\000s\000u\000a\000l\000\040\000E\000x\000a\000m\000p\000l\000e\000s}{}% 200
\BOOKMARK [1][-]{section.7.1}{\376\377\000G\000a\000m\000e\000\040\000A\000I\000\040\000a\000n\000d\000\040\000E\000n\000t\000e\000r\000t\000a\000i\000n\000m\000e\000n\000t}{chapter.7}% 201
\BOOKMARK [2][-]{subsection.7.1.1}{\376\377\000S\000u\000p\000e\000r\000\040\000M\000a\000r\000i\000o\000\040\000B\000r\000o\000s\000\040\000L\000e\000v\000e\000l\000\040\000L\000e\000a\000r\000n\000i\000n\000g}{section.7.1}% 202
\BOOKMARK [2][-]{subsection.7.1.2}{\376\377\000T\000o\000w\000e\000r\000\040\000D\000e\000f\000e\000n\000s\000e\000\040\000G\000a\000m\000e\000\040\000B\000a\000l\000a\000n\000c\000i\000n\000g}{section.7.1}% 203
\BOOKMARK [1][-]{section.7.2}{\376\377\000P\000a\000t\000h\000f\000i\000n\000d\000i\000n\000g\000\040\000a\000n\000d\000\040\000N\000a\000v\000i\000g\000a\000t\000i\000o\000n}{chapter.7}% 204
\BOOKMARK [2][-]{subsection.7.2.1}{\376\377\000M\000a\000z\000e\000\040\000N\000a\000v\000i\000g\000a\000t\000i\000o\000n}{section.7.2}% 205
\BOOKMARK [2][-]{subsection.7.2.2}{\376\377\000R\000o\000b\000o\000t\000\040\000N\000a\000v\000i\000g\000a\000t\000i\000o\000n}{section.7.2}% 206
\BOOKMARK [1][-]{section.7.3}{\376\377\000E\000v\000o\000l\000u\000t\000i\000o\000n\000\040\000S\000i\000m\000u\000l\000a\000t\000i\000o\000n}{chapter.7}% 207
\BOOKMARK [2][-]{subsection.7.3.1}{\376\377\000S\000i\000m\000u\000l\000a\000t\000e\000d\000\040\000E\000v\000o\000l\000u\000t\000i\000o\000n\000\040\000o\000f\000\040\000C\000r\000e\000a\000t\000u\000r\000e\000s}{section.7.3}% 208
\BOOKMARK [1][-]{section.7.4}{\376\377\000H\000u\000m\000a\000n\000\040\000A\000n\000a\000l\000o\000g\000y\000\040\000E\000x\000a\000m\000p\000l\000e\000s}{chapter.7}% 209
\BOOKMARK [2][-]{subsection.7.4.1}{\376\377\000E\000v\000o\000l\000u\000t\000i\000o\000n\000\040\000o\000f\000\040\000M\000o\000v\000e\000m\000e\000n\000t}{section.7.4}% 210
\BOOKMARK [2][-]{subsection.7.4.2}{\376\377\000W\000o\000r\000k\000\040\000J\000o\000u\000r\000n\000e\000y\000\040\000O\000p\000t\000i\000m\000i\000z\000a\000t\000i\000o\000n}{section.7.4}% 211
\BOOKMARK [1][-]{section.7.5}{\376\377\000A\000c\000a\000d\000e\000m\000i\000c\000\040\000C\000o\000n\000t\000e\000x\000t}{chapter.7}% 212
\BOOKMARK [2][-]{subsection.7.5.1}{\376\377\000G\000A\000\040\000i\000n\000\040\000C\000o\000m\000p\000u\000t\000a\000t\000i\000o\000n\000a\000l\000\040\000I\000n\000t\000e\000l\000l\000i\000g\000e\000n\000c\000e}{section.7.5}% 213
\BOOKMARK [1][-]{section.7.6}{\376\377\000H\000i\000s\000t\000o\000r\000i\000c\000a\000l\000\040\000P\000e\000r\000s\000p\000e\000c\000t\000i\000v\000e}{chapter.7}% 214
\BOOKMARK [2][-]{subsection.7.6.1}{\376\377\000N\000a\000t\000u\000r\000a\000l\000\040\000S\000e\000l\000e\000c\000t\000i\000o\000n\000\040\000T\000h\000e\000o\000r\000i\000e\000s}{section.7.6}% 215
\BOOKMARK [1][-]{section.7.7}{\376\377\000S\000u\000m\000m\000a\000r\000y}{chapter.7}% 216
\BOOKMARK [0][-]{chapter.8}{\376\377\000M\000u\000t\000a\000t\000i\000o\000n\000\040\000a\000n\000d\000\040\000G\000e\000n\000e\000r\000a\000t\000i\000o\000n\000\040\000U\000p\000d\000a\000t\000e}{}% 217
\BOOKMARK [1][-]{section.8.1}{\376\377\000I\000n\000t\000r\000o\000d\000u\000c\000t\000i\000o\000n\000\040\000t\000o\000\040\000M\000u\000t\000a\000t\000i\000o\000n}{chapter.8}% 218
\BOOKMARK [2][-]{subsection.8.1.1}{\376\377\000W\000h\000a\000t\000\040\000i\000s\000\040\000M\000u\000t\000a\000t\000i\000o\000n\000?}{section.8.1}% 219
\BOOKMARK [2][-]{subsection.8.1.2}{\376\377\000M\000u\000t\000a\000t\000i\000o\000n\000\040\000i\000n\000\040\000E\000v\000o\000l\000u\000t\000i\000o\000n\000a\000r\000y\000\040\000A\000l\000g\000o\000r\000i\000t\000h\000m\000s\000\040\000v\000s\000.\000\040\000B\000i\000o\000l\000o\000g\000i\000c\000a\000l\000\040\000E\000v\000o\000l\000u\000t\000i\000o\000n}{section.8.1}% 220
\BOOKMARK [1][-]{section.8.2}{\376\377\000M\000u\000t\000a\000t\000i\000o\000n\000\040\000f\000o\000r\000\040\000D\000i\000f\000f\000e\000r\000e\000n\000t\000\040\000R\000e\000p\000r\000e\000s\000e\000n\000t\000a\000t\000i\000o\000n\000s}{chapter.8}% 221
\BOOKMARK [2][-]{subsection.8.2.1}{\376\377\000M\000u\000t\000a\000t\000i\000o\000n\000\040\000f\000o\000r\000\040\000B\000i\000n\000a\000r\000y\000\040\000R\000e\000p\000r\000e\000s\000e\000n\000t\000a\000t\000i\000o\000n}{section.8.2}% 222
\BOOKMARK [2][-]{subsection.8.2.2}{\376\377\000M\000u\000t\000a\000t\000i\000o\000n\000\040\000f\000o\000r\000\040\000I\000n\000t\000e\000g\000e\000r\000\040\000R\000e\000p\000r\000e\000s\000e\000n\000t\000a\000t\000i\000o\000n}{section.8.2}% 223
\BOOKMARK [2][-]{subsection.8.2.3}{\376\377\000M\000u\000t\000a\000t\000i\000o\000n\000\040\000f\000o\000r\000\040\000R\000e\000a\000l\000-\000V\000a\000l\000u\000e\000d\000\040\000R\000e\000p\000r\000e\000s\000e\000n\000t\000a\000t\000i\000o\000n}{section.8.2}% 224
\BOOKMARK [2][-]{subsection.8.2.4}{\376\377\000M\000u\000t\000a\000t\000i\000o\000n\000\040\000f\000o\000r\000\040\000P\000e\000r\000m\000u\000t\000a\000t\000i\000o\000n\000\040\000R\000e\000p\000r\000e\000s\000e\000n\000t\000a\000t\000i\000o\000n}{section.8.2}% 225
\BOOKMARK [1][-]{section.8.3}{\376\377\000G\000e\000n\000e\000r\000a\000t\000i\000o\000n\000\040\000U\000p\000d\000a\000t\000e\000\040\000M\000e\000c\000h\000a\000n\000i\000s\000m\000s}{chapter.8}% 226
\BOOKMARK [2][-]{subsection.8.3.1}{\376\377\000H\000o\000l\000l\000a\000n\000d\000'\000s\000\040\000O\000r\000i\000g\000i\000n\000a\000l\000\040\000M\000o\000d\000e\000l\000\040\000\050\000G\000e\000n\000e\000r\000a\000t\000i\000o\000n\000a\000l\000\040\000R\000e\000p\000l\000a\000c\000e\000m\000e\000n\000t\000\051}{section.8.3}% 227
\BOOKMARK [2][-]{subsection.8.3.2}{\376\377\000G\000e\000n\000e\000r\000a\000t\000i\000o\000n\000a\000l\000\040\000M\000o\000d\000e\000l\000\040\000w\000i\000t\000h\000\040\000E\000l\000i\000t\000i\000s\000m}{section.8.3}% 228
\BOOKMARK [2][-]{subsection.8.3.3}{\376\377\000S\000t\000e\000a\000d\000y\000-\000S\000t\000a\000t\000e\000\040\000U\000p\000d\000a\000t\000e}{section.8.3}% 229
\BOOKMARK [2][-]{subsection.8.3.4}{\376\377\000C\000o\000n\000t\000i\000n\000u\000o\000u\000s\000\040\000U\000p\000d\000a\000t\000e}{section.8.3}% 230
\BOOKMARK [1][-]{section.8.4}{\376\377\000G\000A\000\040\000P\000a\000r\000a\000m\000e\000t\000e\000r\000s}{chapter.8}% 231
\BOOKMARK [2][-]{subsection.8.4.1}{\376\377\000C\000r\000o\000s\000s\000o\000v\000e\000r\000\040\000P\000r\000o\000b\000a\000b\000i\000l\000i\000t\000y\000\040\000\050\000P\000c\000\051}{section.8.4}% 232
\BOOKMARK [2][-]{subsection.8.4.2}{\376\377\000M\000u\000t\000a\000t\000i\000o\000n\000\040\000P\000r\000o\000b\000a\000b\000i\000l\000i\000t\000y\000\040\000\050\000P\000m\000\051}{section.8.4}% 233
\BOOKMARK [2][-]{subsection.8.4.3}{\376\377\000P\000o\000p\000u\000l\000a\000t\000i\000o\000n\000\040\000S\000i\000z\000e\000\040\000\050\000N\000\051}{section.8.4}% 234
\BOOKMARK [2][-]{subsection.8.4.4}{\376\377\000N\000u\000m\000b\000e\000r\000\040\000o\000f\000\040\000G\000e\000n\000e\000r\000a\000t\000i\000o\000n\000s\000\040\000\050\000G\000\051}{section.8.4}% 235
\BOOKMARK [2][-]{subsection.8.4.5}{\376\377\000G\000e\000n\000e\000r\000a\000l\000\040\000P\000a\000r\000a\000m\000e\000t\000e\000r\000\040\000S\000e\000t\000t\000i\000n\000g\000\040\000G\000u\000i\000d\000e\000l\000i\000n\000e\000s}{section.8.4}% 236
\BOOKMARK [1][-]{section.8.5}{\376\377\000P\000a\000r\000a\000m\000e\000t\000e\000r\000\040\000O\000b\000s\000e\000r\000v\000a\000t\000i\000o\000n\000\040\000S\000t\000u\000d\000y}{chapter.8}% 237
\BOOKMARK [2][-]{subsection.8.5.1}{\376\377\000T\000e\000s\000t\000\040\000P\000r\000o\000b\000l\000e\000m}{section.8.5}% 238
\BOOKMARK [2][-]{subsection.8.5.2}{\376\377\000E\000x\000p\000e\000r\000i\000m\000e\000n\000t\000a\000l\000\040\000S\000e\000t\000u\000p}{section.8.5}% 239
\BOOKMARK [2][-]{subsection.8.5.3}{\376\377\000S\000a\000m\000p\000l\000e\000\040\000R\000e\000s\000u\000l\000t\000s}{section.8.5}% 240
\BOOKMARK [1][-]{section.8.6}{\376\377\000S\000u\000m\000m\000a\000r\000y\000\040\000a\000n\000d\000\040\000C\000o\000n\000c\000l\000u\000s\000i\000o\000n\000s}{chapter.8}% 241
\BOOKMARK [1][-]{section.8.7}{\376\377\000E\000x\000e\000r\000c\000i\000s\000e\000s}{chapter.8}% 242
\BOOKMARK [0][-]{appendix.A}{\376\377\000A\000l\000g\000o\000r\000i\000t\000h\000m\000\040\000I\000m\000p\000l\000e\000m\000e\000n\000t\000a\000t\000i\000o\000n\000s}{}% 243
\BOOKMARK [1][-]{section.A.1}{\376\377\000B\000a\000s\000i\000c\000\040\000G\000e\000n\000e\000t\000i\000c\000\040\000A\000l\000g\000o\000r\000i\000t\000h\000m\000\040\000I\000m\000p\000l\000e\000m\000e\000n\000t\000a\000t\000i\000o\000n}{appendix.A}% 244
\BOOKMARK [2][-]{subsection.A.1.1}{\376\377\000P\000y\000t\000h\000o\000n\000\040\000I\000m\000p\000l\000e\000m\000e\000n\000t\000a\000t\000i\000o\000n}{section.A.1}% 245
\BOOKMARK [1][-]{section.A.2}{\376\377\000R\000e\000a\000l\000-\000V\000a\000l\000u\000e\000d\000\040\000G\000e\000n\000e\000t\000i\000c\000\040\000A\000l\000g\000o\000r\000i\000t\000h\000m}{appendix.A}% 246
\BOOKMARK [1][-]{section.A.3}{\376\377\000T\000r\000a\000v\000e\000l\000i\000n\000g\000\040\000S\000a\000l\000e\000s\000m\000a\000n\000\040\000P\000r\000o\000b\000l\000e\000m\000\040\000G\000A}{appendix.A}% 247
\BOOKMARK [1][-]{section.A.4}{\376\377\000N\000S\000G\000A\000-\000I\000I\000\040\000f\000o\000r\000\040\000M\000u\000l\000t\000i\000-\000O\000b\000j\000e\000c\000t\000i\000v\000e\000\040\000O\000p\000t\000i\000m\000i\000z\000a\000t\000i\000o\000n}{appendix.A}% 248
\BOOKMARK [0][-]{appendix.B}{\376\377\000P\000r\000a\000c\000t\000i\000c\000a\000l\000\040\000E\000x\000a\000m\000p\000l\000e\000s\000\040\000a\000n\000d\000\040\000C\000a\000s\000e\000\040\000S\000t\000u\000d\000i\000e\000s}{}% 249
\BOOKMARK [1][-]{section.B.1}{\376\377\000F\000u\000n\000c\000t\000i\000o\000n\000\040\000O\000p\000t\000i\000m\000i\000z\000a\000t\000i\000o\000n\000\040\000P\000r\000o\000b\000l\000e\000m\000s}{appendix.B}% 250
\BOOKMARK [2][-]{subsection.B.1.1}{\376\377\000O\000n\000e\000M\000a\000x\000\040\000P\000r\000o\000b\000l\000e\000m}{section.B.1}% 251
\BOOKMARK [2][-]{subsection.B.1.2}{\376\377\000S\000p\000h\000e\000r\000e\000\040\000F\000u\000n\000c\000t\000i\000o\000n}{section.B.1}% 252
\BOOKMARK [2][-]{subsection.B.1.3}{\376\377\000R\000a\000s\000t\000r\000i\000g\000i\000n\000\040\000F\000u\000n\000c\000t\000i\000o\000n}{section.B.1}% 253
\BOOKMARK [2][-]{subsection.B.1.4}{\376\377\000R\000o\000s\000e\000n\000b\000r\000o\000c\000k\000\040\000F\000u\000n\000c\000t\000i\000o\000n}{section.B.1}% 254
\BOOKMARK [1][-]{section.B.2}{\376\377\000C\000o\000m\000b\000i\000n\000a\000t\000o\000r\000i\000a\000l\000\040\000O\000p\000t\000i\000m\000i\000z\000a\000t\000i\000o\000n\000\040\000P\000r\000o\000b\000l\000e\000m\000s}{appendix.B}% 255
\BOOKMARK [2][-]{subsection.B.2.1}{\376\377\000T\000r\000a\000v\000e\000l\000i\000n\000g\000\040\000S\000a\000l\000e\000s\000m\000a\000n\000\040\000P\000r\000o\000b\000l\000e\000m\000\040\000\050\000T\000S\000P\000\051}{section.B.2}% 256
\BOOKMARK [2][-]{subsection.B.2.2}{\376\377\000K\000n\000a\000p\000s\000a\000c\000k\000\040\000P\000r\000o\000b\000l\000e\000m}{section.B.2}% 257
\BOOKMARK [1][-]{section.B.3}{\376\377\000R\000e\000a\000l\000-\000W\000o\000r\000l\000d\000\040\000A\000p\000p\000l\000i\000c\000a\000t\000i\000o\000n\000s}{appendix.B}% 258
\BOOKMARK [2][-]{subsection.B.3.1}{\376\377\000N\000e\000u\000r\000a\000l\000\040\000N\000e\000t\000w\000o\000r\000k\000\040\000T\000r\000a\000i\000n\000i\000n\000g}{section.B.3}% 259
\BOOKMARK [2][-]{subsection.B.3.2}{\376\377\000F\000e\000a\000t\000u\000r\000e\000\040\000S\000e\000l\000e\000c\000t\000i\000o\000n}{section.B.3}% 260
\BOOKMARK [2][-]{subsection.B.3.3}{\376\377\000J\000o\000b\000\040\000S\000h\000o\000p\000\040\000S\000c\000h\000e\000d\000u\000l\000i\000n\000g}{section.B.3}% 261
\BOOKMARK [1][-]{section.B.4}{\376\377\000P\000a\000r\000a\000m\000e\000t\000e\000r\000\040\000T\000u\000n\000i\000n\000g\000\040\000G\000u\000i\000d\000e\000l\000i\000n\000e\000s}{appendix.B}% 262
\BOOKMARK [2][-]{subsection.B.4.1}{\376\377\000P\000o\000p\000u\000l\000a\000t\000i\000o\000n\000\040\000S\000i\000z\000e}{section.B.4}% 263
\BOOKMARK [2][-]{subsection.B.4.2}{\376\377\000C\000r\000o\000s\000s\000o\000v\000e\000r\000\040\000a\000n\000d\000\040\000M\000u\000t\000a\000t\000i\000o\000n\000\040\000R\000a\000t\000e\000s}{section.B.4}% 264
\BOOKMARK [2][-]{subsection.B.4.3}{\376\377\000S\000e\000l\000e\000c\000t\000i\000o\000n\000\040\000P\000r\000e\000s\000s\000u\000r\000e}{section.B.4}% 265
\BOOKMARK [1][-]{section.B.5}{\376\377\000P\000e\000r\000f\000o\000r\000m\000a\000n\000c\000e\000\040\000A\000n\000a\000l\000y\000s\000i\000s}{appendix.B}% 266
\BOOKMARK [2][-]{subsection.B.5.1}{\376\377\000C\000o\000n\000v\000e\000r\000g\000e\000n\000c\000e\000\040\000M\000e\000t\000r\000i\000c\000s}{section.B.5}% 267
\BOOKMARK [2][-]{subsection.B.5.2}{\376\377\000S\000t\000a\000t\000i\000s\000t\000i\000c\000a\000l\000\040\000T\000e\000s\000t\000i\000n\000g}{section.B.5}% 268
\BOOKMARK [2][-]{subsection.B.5.3}{\376\377\000C\000o\000m\000p\000a\000r\000i\000s\000o\000n\000\040\000w\000i\000t\000h\000\040\000O\000t\000h\000e\000r\000\040\000M\000e\000t\000h\000o\000d\000s}{section.B.5}% 269
\BOOKMARK [1][-]{section.B.6}{\376\377\000C\000o\000m\000m\000o\000n\000\040\000P\000i\000t\000f\000a\000l\000l\000s\000\040\000a\000n\000d\000\040\000S\000o\000l\000u\000t\000i\000o\000n\000s}{appendix.B}% 270
\BOOKMARK [2][-]{subsection.B.6.1}{\376\377\000P\000r\000e\000m\000a\000t\000u\000r\000e\000\040\000C\000o\000n\000v\000e\000r\000g\000e\000n\000c\000e}{section.B.6}% 271
\BOOKMARK [2][-]{subsection.B.6.2}{\376\377\000S\000l\000o\000w\000\040\000C\000o\000n\000v\000e\000r\000g\000e\000n\000c\000e}{section.B.6}% 272
\BOOKMARK [2][-]{subsection.B.6.3}{\376\377\000C\000o\000n\000s\000t\000r\000a\000i\000n\000t\000\040\000H\000a\000n\000d\000l\000i\000n\000g\000\040\000I\000s\000s\000u\000e\000s}{section.B.6}% 273
\BOOKMARK [1][-]{section.B.7}{\376\377\000A\000d\000v\000a\000n\000c\000e\000d\000\040\000T\000e\000c\000h\000n\000i\000q\000u\000e\000s}{appendix.B}% 274
\BOOKMARK [2][-]{subsection.B.7.1}{\376\377\000H\000y\000b\000r\000i\000d\000\040\000G\000e\000n\000e\000t\000i\000c\000\040\000A\000l\000g\000o\000r\000i\000t\000h\000m\000s}{section.B.7}% 275
\BOOKMARK [2][-]{subsection.B.7.2}{\376\377\000A\000d\000a\000p\000t\000i\000v\000e\000\040\000P\000a\000r\000a\000m\000e\000t\000e\000r\000\040\000C\000o\000n\000t\000r\000o\000l}{section.B.7}% 276
\BOOKMARK [2][-]{subsection.B.7.3}{\376\377\000P\000a\000r\000a\000l\000l\000e\000l\000\040\000G\000e\000n\000e\000t\000i\000c\000\040\000A\000l\000g\000o\000r\000i\000t\000h\000m\000s}{section.B.7}% 277
\BOOKMARK [1][-]{section.B.8}{\376\377\000I\000m\000p\000l\000e\000m\000e\000n\000t\000a\000t\000i\000o\000n\000\040\000B\000e\000s\000t\000\040\000P\000r\000a\000c\000t\000i\000c\000e\000s}{appendix.B}% 278
\BOOKMARK [2][-]{subsection.B.8.1}{\376\377\000C\000o\000d\000e\000\040\000O\000r\000g\000a\000n\000i\000z\000a\000t\000i\000o\000n}{section.B.8}% 279
\BOOKMARK [2][-]{subsection.B.8.2}{\376\377\000T\000e\000s\000t\000i\000n\000g\000\040\000a\000n\000d\000\040\000V\000a\000l\000i\000d\000a\000t\000i\000o\000n}{section.B.8}% 280
\BOOKMARK [2][-]{subsection.B.8.3}{\376\377\000D\000o\000c\000u\000m\000e\000n\000t\000a\000t\000i\000o\000n}{section.B.8}% 281
\BOOKMARK [1][-]{section.B.9}{\376\377\000C\000h\000a\000p\000t\000e\000r\000\040\000S\000u\000m\000m\000a\000r\000y}{appendix.B}% 282
\BOOKMARK [1][-]{section.B.10}{\376\377\000K\000e\000y\000\040\000T\000a\000k\000e\000a\000w\000a\000y\000s}{appendix.B}% 283
